Wed Dec 27 10:45:42 EST 2017
The path to logs is /home/bioadmin/biocore_misc/logs
wget path: /usr/bin/wget
tar path: /usr/bin/tar
Tag: v2.5.1
Repository: bamtools
Organization: pezmaster31
Git url: https://api.github.com/repos/pezmaster31/bamtools/tarball/v2.5.1
This product will be installed under: /opt/software/external/bamtools
Wed Dec 27 10:45:42 EST 2017
Cammand: /usr/bin/wget -O bamtools-v2.5.1.tar.gz https://api.github.com/repos/pezmaster31/bamtools/tarball/v2.5.1
--2017-12-27 10:45:42--  https://api.github.com/repos/pezmaster31/bamtools/tarball/v2.5.1
Resolving api.github.com (api.github.com)... 192.30.253.116, 192.30.253.117
Connecting to api.github.com (api.github.com)|192.30.253.116|:443... connected.
HTTP request sent, awaiting response... 302 Found
Location: https://codeload.github.com/pezmaster31/bamtools/legacy.tar.gz/v2.5.1 [following]
--2017-12-27 10:45:42--  https://codeload.github.com/pezmaster31/bamtools/legacy.tar.gz/v2.5.1
Resolving codeload.github.com (codeload.github.com)... 192.30.253.120, 192.30.253.121
Connecting to codeload.github.com (codeload.github.com)|192.30.253.120|:443... connected.
HTTP request sent, awaiting response... 200 OK
Length: 549902 (537K) [application/x-gzip]
Saving to: 'bamtools-v2.5.1.tar.gz'

     0K .......... .......... .......... .......... ..........  9%  952K 1s
    50K .......... .......... .......... .......... .......... 18% 1.82M 0s
   100K .......... .......... .......... .......... .......... 27% 1.91M 0s
   150K .......... .......... .......... .......... .......... 37% 40.2M 0s
   200K .......... .......... .......... .......... .......... 46% 75.4M 0s
   250K .......... .......... .......... .......... .......... 55% 1.97M 0s
   300K .......... .......... .......... .......... .......... 65% 28.2M 0s
   350K .......... .......... .......... .......... .......... 74% 90.9M 0s
   400K .......... .......... .......... .......... .......... 83% 2.00M 0s
   450K .......... .......... .......... .......... .......... 93% 73.1M 0s
   500K .......... .......... .......... .......              100% 72.4M=0.2s

2017-12-27 10:45:42 (3.29 MB/s) - 'bamtools-v2.5.1.tar.gz' saved [549902/549902]

Untar bamtools-v2.5.1.tar.gz
