Thu Jan  4 14:00:34 EST 2018
The path to logs is /home/bioadmin/biocore_misc/logs
wget path: /usr/bin/wget
tar path: /usr/bin/tar
Tag: v2.3.4
Repository: bowtie2
Organization: BenLangmead
Git url: https://api.github.com/repos/BenLangmead/bowtie2/tarball/v2.3.4
This product will be installed under: /opt/software/external/bowtie2
Thu Jan  4 14:00:34 EST 2018
Cammand: /usr/bin/wget -O bowtie2-v2.3.4.tar.gz https://api.github.com/repos/BenLangmead/bowtie2/tarball/v2.3.4
--2018-01-04 14:00:34--  https://api.github.com/repos/BenLangmead/bowtie2/tarball/v2.3.4
Resolving api.github.com (api.github.com)... 192.30.253.116, 192.30.253.117
Connecting to api.github.com (api.github.com)|192.30.253.116|:443... connected.
HTTP request sent, awaiting response... 302 Found
Location: https://codeload.github.com/BenLangmead/bowtie2/legacy.tar.gz/v2.3.4 [following]
--2018-01-04 14:00:34--  https://codeload.github.com/BenLangmead/bowtie2/legacy.tar.gz/v2.3.4
Resolving codeload.github.com (codeload.github.com)... 192.30.253.120, 192.30.253.121
Connecting to codeload.github.com (codeload.github.com)|192.30.253.120|:443... connected.
HTTP request sent, awaiting response... 200 OK
Length: unspecified [application/x-gzip]
Saving to: 'bowtie2-v2.3.4.tar.gz'

     0K .......... .......... .......... .......... ..........  941K
    50K .......... .......... .......... .......... .......... 1.85M
   100K .......... .......... .......... .......... .......... 64.3M
   150K .......... .......... .......... .......... .......... 1.93M
   200K .......... .......... .......... .......... .......... 44.7M
   250K .......... .......... .......... .......... .......... 78.9M
   300K .......... .......... .......... .......... .......... 77.7M
   350K .......... .......... .......... .......... .......... 86.5M
   400K .......... .......... .......... .......... .......... 2.00M
   450K .......... .......... .......... .......... .......... 64.3M
   500K .......... .......... .......... .......... .......... 76.6M
   550K .......... .......... .......... .......... .......... 98.2M
   600K .......... .......... .......... .......... .......... 87.3M
   650K .......... .......... .......... .......... .......... 81.5M
   700K .......... .......... .......... .......... .......... 99.1M
   750K .......... .......... .......... .......... .......... 91.4M
   800K .......... .......... .......... .......... .......... 2.27M
   850K .......... .......... .......... .......... .......... 71.9M
   900K .......... .......... .......... .......... ..........  115M
   950K .......... .......... .......... .......... .......... 87.6M
  1000K .......... .......... .......... .......... .......... 78.8M
  1050K .......... .......... .......... .......... .......... 72.2M
  1100K .......... .......... .......... .......... .......... 66.4M
  1150K .......... .......... .......... .......... .......... 82.1M
  1200K .......... .......... .......... .......... ..........  130M
  1250K .......... .......... .......... .......... .......... 83.2M
  1300K .......... .......... .......... .......... .......... 93.8M
  1350K .......... .......... .......... .......... .......... 2.38M
  1400K .......... .......... .......... .......... .......... 89.7M
  1450K .......... .......... .......... .......... .......... 89.4M
  1500K .......... .......... .......... .......... .......... 94.0M
  1550K .......... .......... .......... .......... .......... 88.9M
  1600K .......... .......... .......... .......... ..........  112M
  1650K .......... .......... .......... .......... .......... 93.4M
  1700K .......... .......... .......... .......... .......... 89.4M
  1750K .......... .......... .......... .......... .......... 84.4M
  1800K .......... .......... .......... .......... .......... 93.0M
  1850K .......... .......... .......... .......... ..........  104M
  1900K .......... .......... .......... .......... ..........  145M
  1950K .......... .......... .......... .......... .......... 82.5M
  2000K .......... .......... .......... .......... ..........  229K
  2050K .......... .......... .......... .......... .......... 1.80M
  2100K .......... .......... .......... .......... .......... 56.2M
  2150K .......... .......... .......... .......... .......... 56.3M
  2200K .......... .......... .......... .......... .......... 54.3M
  2250K .......... .......... .......... .......... .......... 63.9M
  2300K .......... .......... .......... .......... .......... 81.0M
  2350K .......... .......... .......... .......... .......... 95.0M
  2400K .......... .......... .......... .......... .......... 70.4M
  2450K .......... .......... .......... .......... .......... 1.97M
  2500K .......... .......... .......... .......... .......... 51.7M
  2550K .......... .......... .......... .......... .......... 83.3M
  2600K .......... .......... .......... .......... .......... 2.44M
  2650K .......... .......... .......... .......... .......... 37.8M
  2700K .......... .......... .......... .......... .......... 48.0M
  2750K .......... .......... .......... .......... .......... 56.0M
  2800K .......... .......... .......... .......... .......... 36.3M
  2850K .......... .......... .......... .......... .......... 67.7M
  2900K .......... .......... .......... .......... ..........  103M
  2950K .......... .......... .......... .......... .......... 86.2M
  3000K .......... .......... .......... .......... .......... 82.4M
  3050K .......... .......... .......... .......... .......... 96.2M
  3100K .......... .......... .......... .......... .......... 95.8M
  3150K .......... .......... .......... .......... ..........  112M
  3200K .......... .......... .......... .......... ..........  118M
  3250K .......... .......... .......... .......... .......... 98.9M
  3300K .......... .......... .......... .......... .......... 86.7M
  3350K .......... .......... .......... .......... .......... 94.6M
  3400K .......... .......... .......... .......... .......... 92.6M
  3450K .......... .......... .......... .......... .......... 97.8M
  3500K .......... .......... .......... .......... .......... 92.8M
  3550K .......... .......... .......... .......... ..........  141M
  3600K .......... .......... .......... .......... ..........  102M
  3650K .......... .......... .......... .......... .......... 85.0M
  3700K .......... .......... .......... .......... .......... 72.7M
  3750K .......... .......... .......... .......... .......... 3.95M
  3800K .......... .......... .......... .......... .......... 37.2M
  3850K .......... .......... .......... .......... .......... 55.7M
  3900K .......... .......... .......... .......... .......... 32.7M
  3950K .......... .......... .......... .......... .......... 40.3M
  4000K .......... .......... .......... .......... .......... 39.2M
  4050K .......... .......... .......... .......... ..........  369K
  4100K .......... .......... .......... .......... .......... 78.2M
  4150K .......... .......... .......... .......... .......... 90.9M
  4200K .......... .......... .......... .......... .......... 57.8M
  4250K .......... .......... .......... .......... .......... 91.6M
  4300K .......... .......... .......... .......... .......... 80.0M
  4350K .......... .......... .......... .......... .......... 86.1M
  4400K .......... .......... .......... .......... ..........  160M
  4450K .......... .......... .......... .......... .......... 90.4M
  4500K .......... .......... .......... .......... .......... 72.3M
  4550K .......... .......... .......... .......... .......... 51.0M
  4600K .......... .......... .......... .......... .......... 1.84M
  4650K .......... .......... .......... .......... .......... 2.41M
  4700K .......... .......... .......... .......... .......... 71.2M
  4750K .......... .......... .......... .......... .......... 68.9M
  4800K .......... .......... .......... .......... .......... 62.0M
  4850K .......... .......... .......... .......... .......... 60.2M
  4900K .......... .......... .......... .......... .......... 78.6M
  4950K .......... .......... .......... .......... ..........  107M
  5000K .......... .......... .......... .......... .......... 72.4M
  5050K .......... .......... .......... .......... .......... 82.8M
  5100K .......... .......... .......... .......... .......... 73.0M
  5150K .......... .......... .......... .......... .......... 69.5M
  5200K .......... .......... .......... .......... ..........  119M
  5250K .......... .......... .......... .......... .......... 96.0M
  5300K .......... .......... .......... .......... .......... 84.5M
  5350K .......... .......... .......... .......... .......... 83.3M
  5400K .......... .......... .......... .......... .......... 82.6M
  5450K .......... .......... .......... .......... ..........  119M
  5500K .......... .......... .......... .......... .......... 99.8M
  5550K .......... .......... .......... .......... .......... 85.0M
  5600K .......... .......... .......... .......... .......... 74.8M
  5650K .......... ...                                         43.0M=0.7s

2018-01-04 14:00:36 (7.67 MB/s) - 'bowtie2-v2.3.4.tar.gz' saved [5799691]

Untar bowtie2-v2.3.4.tar.gz
