Wed Sep 12 10:39:49 EDT 2018
The path to logs is /home/bioadmin/biocore_misc/logs
wget path: /usr/bin/wget
tar path: /usr/bin/tar
Tag: v1.2.1
Repository: package_downloads
Organization: mdibl
Git url: https://api.github.com/repos/mdibl/package_downloads/tarball/v1.2.1
This product will be installed under: /opt/software/internal
Wed Sep 12 10:39:49 EDT 2018
Cammand: /usr/bin/wget -O package_downloads-v1.2.1.tar.gz https://api.github.com/repos/mdibl/package_downloads/tarball/v1.2.1
--2018-09-12 10:39:49--  https://api.github.com/repos/mdibl/package_downloads/tarball/v1.2.1
Resolving api.github.com (api.github.com)... 192.30.253.116, 192.30.253.117
Connecting to api.github.com (api.github.com)|192.30.253.116|:443... connected.
HTTP request sent, awaiting response... 302 Found
Location: https://codeload.github.com/mdibl/package_downloads/legacy.tar.gz/v1.2.1 [following]
--2018-09-12 10:39:49--  https://codeload.github.com/mdibl/package_downloads/legacy.tar.gz/v1.2.1
Resolving codeload.github.com (codeload.github.com)... 192.30.253.121, 192.30.253.120
Connecting to codeload.github.com (codeload.github.com)|192.30.253.121|:443... connected.
HTTP request sent, awaiting response... 200 OK
Length: unspecified [application/x-gzip]
Saving to: 'package_downloads-v1.2.1.tar.gz'

     0K .......... .......... .......... .......... ..........  788K
    50K .......... .......... .......... .......... .......... 1.77M
   100K .......... .......... .......... .......... .......... 54.6M
   150K .......... .......... .......... .......... .......... 1.83M
   200K .......... .......... .......... .......... .......... 36.5M
   250K .......... .......... .......... .......... .......... 76.2M
   300K .......... .......... .......... .......... .......... 78.0M
   350K .......... .......... .......... .......... .......... 1.95M
   400K .......... .......... .......... .......... .......... 47.8M
   450K .......... .......... .......... .......... .......... 71.7M
   500K ......                                                 72.4M=0.1s

2018-09-12 10:39:49 (3.34 MB/s) - 'package_downloads-v1.2.1.tar.gz' saved [518620]

Untar package_downloads-v1.2.1.tar.gz
