Tue Dec 19 15:14:13 EST 2017
The path to logs is /home/bioadmin/biocore_misc/logs
wget path: /usr/bin/wget
tar path: /usr/bin/tar
Tag: v2.5.0
Repository: bamtools
Organization: pezmaster31
Git url: https://api.github.com/repos/pezmaster31/bamtools/tarball/v2.5.0
This product will be installed under: /opt/software/external/bamtools
Tue Dec 19 15:14:13 EST 2017
Cammand: /usr/bin/wget -O bamtools-v2.5.0.tar.gz https://api.github.com/repos/pezmaster31/bamtools/tarball/v2.5.0
--2017-12-19 15:14:13--  https://api.github.com/repos/pezmaster31/bamtools/tarball/v2.5.0
Resolving api.github.com (api.github.com)... 192.30.253.116, 192.30.253.117
Connecting to api.github.com (api.github.com)|192.30.253.116|:443... connected.
HTTP request sent, awaiting response... 302 Found
Location: https://codeload.github.com/pezmaster31/bamtools/legacy.tar.gz/v2.5.0 [following]
--2017-12-19 15:14:13--  https://codeload.github.com/pezmaster31/bamtools/legacy.tar.gz/v2.5.0
Resolving codeload.github.com (codeload.github.com)... 192.30.253.120, 192.30.253.121
Connecting to codeload.github.com (codeload.github.com)|192.30.253.120|:443... connected.
HTTP request sent, awaiting response... 200 OK
Length: unspecified [application/x-gzip]
Saving to: 'bamtools-v2.5.0.tar.gz'

     0K .......... .......... .......... .......... ..........  750K
    50K .......... .......... .......... .......... .......... 1.55M
   100K .......... .......... .......... .......... .......... 61.6M
   150K .......... .......... .......... .......... .......... 1.56M
   200K .......... .......... .......... .......... .......... 41.8M
   250K .......... .......... .......... .......... .......... 1.61M
   300K .......... .......... .......... .......... .......... 31.9M
   350K .......... .......... .......... .......... .......... 46.2M
   400K .......... .......... .......... .......... .......... 63.8M
   450K .......... .......... .......... .......... .......... 93.0M
   500K .......... .......... .......... ......                82.0M=0.2s

2017-12-19 15:14:13 (3.16 MB/s) - 'bamtools-v2.5.0.tar.gz' saved [549876]

Untar bamtools-v2.5.0.tar.gz
