Mon Nov 20 14:56:56 EST 2017
The path to logs is /home/bioadmin/biocore_misc/logs
wget path: /usr/bin/wget
tar path: /usr/bin/tar
Tag: v2.4.2
Repository: bamtools
Organization: pezmaster31
Git url: https://api.github.com/repos/pezmaster31/bamtools/tarball/v2.4.2
This product will be installed under: /opt/software/external/bamtools
Mon Nov 20 14:56:56 EST 2017
Cammand: /usr/bin/wget -O bamtools-v2.4.2.tar.gz https://api.github.com/repos/pezmaster31/bamtools/tarball/v2.4.2
--2017-11-20 14:56:56--  https://api.github.com/repos/pezmaster31/bamtools/tarball/v2.4.2
Resolving api.github.com (api.github.com)... 192.30.253.117, 192.30.253.116
Connecting to api.github.com (api.github.com)|192.30.253.117|:443... connected.
HTTP request sent, awaiting response... 302 Found
Location: https://codeload.github.com/pezmaster31/bamtools/legacy.tar.gz/v2.4.2 [following]
--2017-11-20 14:56:57--  https://codeload.github.com/pezmaster31/bamtools/legacy.tar.gz/v2.4.2
Resolving codeload.github.com (codeload.github.com)... 192.30.253.121, 192.30.253.120
Connecting to codeload.github.com (codeload.github.com)|192.30.253.121|:443... connected.
HTTP request sent, awaiting response... 200 OK
Length: 548267 (535K) [application/x-gzip]
Saving to: ‘bamtools-v2.4.2.tar.gz’

     0K .......... .......... .......... .......... ..........  9% 1.17M 0s
    50K .......... .......... .......... .......... .......... 18% 2.33M 0s
   100K .......... .......... .......... .......... .......... 28% 69.6M 0s
   150K .......... .......... .......... .......... .......... 37% 2.43M 0s
   200K .......... .......... .......... .......... .......... 46% 38.0M 0s
   250K .......... .......... .......... .......... .......... 56% 67.7M 0s
   300K .......... .......... .......... .......... .......... 65% 2.51M 0s
   350K .......... .......... .......... .......... .......... 74% 59.1M 0s
   400K .......... .......... .......... .......... .......... 84% 79.5M 0s
   450K .......... .......... .......... .......... .......... 93%  114M 0s
   500K .......... .......... .......... .....                100% 69.0M=0.1s

2017-11-20 14:56:57 (4.87 MB/s) - ‘bamtools-v2.4.2.tar.gz’ saved [548267/548267]

Untar bamtools-v2.4.2.tar.gz
