Thu Nov  2 15:00:27 EDT 2017
The path to logs is /home/bioadmin/biocore_misc/logs
wget path: /usr/bin/wget
tar path: /usr/bin/tar
Tag: v0.7.17
Repository: bwa
Organization: lh3
Git url: https://api.github.com/repos/lh3/bwa/tarball/v0.7.17
This product will be installed under: /opt/software/external/bwa
Thu Nov  2 15:00:27 EDT 2017
Cammand: /usr/bin/wget -O bwa-v0.7.17.tar.gz https://api.github.com/repos/lh3/bwa/tarball/v0.7.17
--2017-11-02 15:00:27--  https://api.github.com/repos/lh3/bwa/tarball/v0.7.17
Resolving api.github.com (api.github.com)... 192.30.253.117, 192.30.253.116
Connecting to api.github.com (api.github.com)|192.30.253.117|:443... connected.
HTTP request sent, awaiting response... 302 Found
Location: https://codeload.github.com/lh3/bwa/legacy.tar.gz/v0.7.17 [following]
--2017-11-02 15:00:27--  https://codeload.github.com/lh3/bwa/legacy.tar.gz/v0.7.17
Resolving codeload.github.com (codeload.github.com)... 192.30.253.120, 192.30.253.121
Connecting to codeload.github.com (codeload.github.com)|192.30.253.120|:443... connected.
HTTP request sent, awaiting response... 200 OK
Length: unspecified [application/x-gzip]
Saving to: 'bwa-v0.7.17.tar.gz'

     0K .......... .......... .......... .......... .......... 1.15M
    50K .......... .......... .......... .......... .......... 2.32M
   100K .......... .......... .......... .......... .......... 37.3M
   150K .......... .......... .......... .......... .......... 2.44M
   200K .......... .......... .......                          38.8M=0.09s

2017-11-02 15:00:27 (2.60 MB/s) - 'bwa-v0.7.17.tar.gz' saved [232649]

Untar bwa-v0.7.17.tar.gz
