Tue Jun 19 14:56:02 EDT 2018
The path to logs is /home/bioadmin/biocore_misc/logs
wget path: /usr/bin/wget
tar path: /usr/bin/tar
Tag: master
Repository: yeastPolyA
Organization: mdibl
Git url: https://api.github.com/repos/mdibl/yeastPolyA/tarball/master
This product will be installed under: /opt/software/internal
Tue Jun 19 14:56:02 EDT 2018
Cammand: /usr/bin/wget -O yeastPolyA-master.tar.gz https://api.github.com/repos/mdibl/yeastPolyA/tarball/master
--2018-06-19 14:56:02--  https://api.github.com/repos/mdibl/yeastPolyA/tarball/master
Resolving api.github.com (api.github.com)... 192.30.253.117, 192.30.253.116
Connecting to api.github.com (api.github.com)|192.30.253.117|:443... connected.
HTTP request sent, awaiting response... 302 Found
Location: https://codeload.github.com/mdibl/yeastPolyA/legacy.tar.gz/master [following]
--2018-06-19 14:56:02--  https://codeload.github.com/mdibl/yeastPolyA/legacy.tar.gz/master
Resolving codeload.github.com (codeload.github.com)... 192.30.253.120, 192.30.253.121
Connecting to codeload.github.com (codeload.github.com)|192.30.253.120|:443... connected.
HTTP request sent, awaiting response... 200 OK
Length: unspecified [application/x-gzip]
Saving to: 'yeastPolyA-master.tar.gz'

     0K .......... .......... .......... .......... .......... 1.22M
    50K .......... .......... .......... .......... .......... 2.42M
   100K .......... .......... .......... .......... .......... 55.5M
   150K .......... .......... .......... .......... .......... 2.48M
   200K .......... .......... .......... .......... .......... 30.1M
   250K .......... .......... .......... .......... ..........  127M
   300K .......... .......... .......... .......... ..........  135M
   350K .......... .......... .......... .......... .......... 2.68M
   400K .......... .......... .......... .......... .......... 34.6M
   450K .......... .......... .......... .......... .......... 47.6M
   500K .......... .......... .......... .......... .......... 61.1M
   550K .......... .......... .......... .......... ..........  115M
   600K .......... .......... .......... .......... .......... 2.87M
   650K .......... .......... .......... .......... .......... 72.3M
   700K .......... .......... .......... .......... ..........  125M
   750K .......... .......... .......... .......... .......... 73.6M
   800K .......... .......... .......... .......... .......... 71.5M
   850K .......... .......... .......... .......... .......... 75.9M
   900K .......... .......... .......... .......... .......... 78.8M
   950K .......... .......... .......... ..........            80.1M=0.1s

2018-06-19 14:56:02 (7.67 MB/s) - 'yeastPolyA-master.tar.gz' saved [1014388]

Untar yeastPolyA-master.tar.gz
