Thu Dec  7 14:20:56 EST 2017
The path to logs is /home/bioadmin/biocore_misc/logs
wget path: /usr/bin/wget
tar path: /usr/bin/tar
Tag: v2.3.3.1
Repository: bowtie2
Organization: BenLangmead
Git url: https://api.github.com/repos/BenLangmead/bowtie2/tarball/v2.3.3.1
This product will be installed under: /opt/software/external/bowtie2
Thu Dec  7 14:20:56 EST 2017
Cammand: /usr/bin/wget -O bowtie2-v2.3.3.1.tar.gz https://api.github.com/repos/BenLangmead/bowtie2/tarball/v2.3.3.1
--2017-12-07 14:20:56--  https://api.github.com/repos/BenLangmead/bowtie2/tarball/v2.3.3.1
Resolving api.github.com (api.github.com)... 192.30.253.116, 192.30.253.117
Connecting to api.github.com (api.github.com)|192.30.253.116|:443... connected.
HTTP request sent, awaiting response... 302 Found
Location: https://codeload.github.com/BenLangmead/bowtie2/legacy.tar.gz/v2.3.3.1 [following]
--2017-12-07 14:20:56--  https://codeload.github.com/BenLangmead/bowtie2/legacy.tar.gz/v2.3.3.1
Resolving codeload.github.com (codeload.github.com)... 192.30.253.121, 192.30.253.120
Connecting to codeload.github.com (codeload.github.com)|192.30.253.121|:443... connected.
HTTP request sent, awaiting response... 200 OK
Length: unspecified [application/x-gzip]
Saving to: 'bowtie2-v2.3.3.1.tar.gz'

     0K .......... .......... .......... .......... ..........  913K
    50K .......... .......... .......... .......... .......... 1.79M
   100K .......... .......... .......... .......... .......... 71.6M
   150K .......... .......... .......... .......... .......... 1.82M
   200K .......... .......... .......... .......... .......... 66.4M
   250K .......... .......... .......... .......... .......... 77.7M
   300K .......... .......... .......... .......... .......... 1.89M
   350K .......... .......... .......... .......... .......... 27.3M
   400K .......... .......... .......... .......... .......... 27.5M
   450K .......... .......... .......... .......... .......... 42.2M
   500K .......... .......... .......... .......... .......... 49.6M
   550K .......... .......... .......... .......... .......... 66.7M
   600K .......... .......... .......... .......... .......... 41.4M
   650K .......... .......... .......... .......... .......... 43.1M
   700K .......... .......... .......... .......... .......... 2.63M
   750K .......... .......... .......... .......... .......... 27.4M
   800K .......... .......... .......... .......... .......... 27.0M
   850K .......... .......... .......... .......... .......... 31.7M
   900K .......... .......... .......... .......... .......... 49.8M
   950K .......... .......... .......... .......... .......... 70.6M
  1000K .......... .......... .......... .......... .......... 89.6M
  1050K .......... .......... .......... .......... .......... 88.8M
  1100K .......... .......... .......... .......... .......... 92.7M
  1150K .......... .......... .......... .......... ..........  110M
  1200K .......... .......... .......... .......... ..........  130M
  1250K .......... .......... .......... .......... .......... 2.73M
  1300K .......... .......... .......... .......... .......... 31.3M
  1350K .......... .......... .......... .......... .......... 31.4M
  1400K .......... .......... .......... .......... .......... 32.0M
  1450K .......... .......... .......... .......... .......... 36.9M
  1500K .......... .......... .......... .......... .......... 48.7M
  1550K .......... .......... .......... .......... .......... 65.8M
  1600K .......... .......... .......... .......... .......... 39.0M
  1650K .......... .......... .......... .......... .......... 51.9M
  1700K .......... .......... .......... .......... .......... 83.0M
  1750K .......... .......... .......... .......... .......... 95.1M
  1800K .......... .......... .......... .......... ..........  111M
  1850K .......... .......... .......... .......... .......... 2.31M
  1900K .......... .......... .......... .......... .......... 66.4M
  1950K .......... .......... .......... .......... .......... 1.77M
  2000K .......... .......... .......... .......... ..........  554K
  2050K .......... .......... .......... .......... .......... 18.6M
  2100K .......... .......... .......... .......... .......... 19.1M
  2150K .......... .......... .......... .......... .......... 38.9M
  2200K .......... .......... .......... .......... .......... 58.9M
  2250K .......... .......... .......... .......... .......... 55.0M
  2300K .......... .......... .......... .......... .......... 82.6M
  2350K .......... .......... .......... .......... .......... 86.2M
  2400K .......... .......... .......... .......... .......... 84.0M
  2450K .......... .......... .......... .......... .......... 2.63M
  2500K .......... .......... .......... .......... ..........  111M
  2550K .......... .......... .......... .......... .......... 72.8M
  2600K .......... .......... .......... .......... .......... 66.9M
  2650K .......... .......... .......... .......... .......... 67.9M
  2700K .......... .......... .......... .......... .......... 62.7M
  2750K .......... .......... .......... .......... ..........  114M
  2800K .......... .......... .......... .......... .......... 88.5M
  2850K .......... .......... .......... .......... .......... 69.8M
  2900K .......... .......... .......... .......... .......... 67.8M
  2950K .......... .......... .......... .......... .......... 68.5M
  3000K .......... .......... .......... .......... .......... 99.2M
  3050K .......... .......... .......... .......... ..........  130M
  3100K .......... .......... .......... .......... .......... 82.3M
  3150K .......... .......... .......... .......... .......... 2.60M
  3200K .......... .......... .......... .......... .......... 25.3M
  3250K .......... .......... .......... .......... .......... 34.2M
  3300K .......... .......... .......... .......... ..........  116M
  3350K .......... .......... .......... .......... .......... 80.8M
  3400K .......... .......... .......... .......... .......... 63.9M
  3450K .......... .......... .......... .......... .......... 66.2M
  3500K .......... .......... .......... .......... .......... 65.2M
  3550K .......... .......... .......... .......... .......... 84.1M
  3600K .......... .......... .......... .......... ..........  111M
  3650K .......... .......... .......... .......... .......... 72.7M
  3700K .......... .......... .......... .......... .......... 81.4M
  3750K .......... .......... .......... .......... .......... 84.2M
  3800K .......... .......... .......... .......... .......... 94.7M
  3850K .......... .......... .......... .......... ..........  100M
  3900K .......... .......... .......... .......... .......... 2.70M
  3950K .......... .......... .......... .......... .......... 21.9M
  4000K .......... .......... .......... .......... .......... 22.2M
  4050K .......... .......... .......... .......... ..........  238K
  4100K .......... .......... .......... .......... .......... 46.5M
  4150K .......... .......... .......... .......... .......... 58.5M
  4200K .......... .......... .......... .......... .......... 61.0M
  4250K .......... .......... .......... .......... .......... 81.8M
  4300K .......... .......... .......... .......... .......... 91.2M
  4350K .......... .......... .......... .......... .......... 61.3M
  4400K .......... .......... .......... .......... .......... 69.2M
  4450K .......... .......... .......... .......... .......... 83.0M
  4500K .......... .......... .......... .......... .......... 2.16M
  4550K .......... .......... .......... .......... ..........  106M
  4600K .......... .......... .......... .......... .......... 68.1M
  4650K .......... .......... .......... .......... .......... 65.6M
  4700K .......... .......... .......... .......... .......... 65.1M
  4750K .......... .......... .......... .......... .......... 66.2M
  4800K .......... .......... .......... .......... ..........  114M
  4850K .......... .......... .......... .......... .......... 92.8M
  4900K .......... .......... .......... .......... .......... 66.2M
  4950K .......... .......... .......... .......... .......... 67.9M
  5000K .......... .......... .......... .......... .......... 67.0M
  5050K .......... .......... .......... .......... .......... 92.0M
  5100K .......... .......... .......... .......... ..........  157M
  5150K .......... .......... .......... .......... .......... 87.1M
  5200K .......... .......... .......... .......... .......... 80.5M
  5250K .......... .......... .......... .......... .......... 2.54M
  5300K .......... .......... .......... .......... .......... 27.0M
  5350K .......... .......... .......... .......... .......... 46.8M
  5400K .......... .......... .......... .......... .......... 61.5M
  5450K .......... .......... .......... .......... .......... 84.4M
  5500K .......... .......... .......... .......... .......... 81.4M
  5550K .......... .......... .......... .......... .......... 83.9M
  5600K .......... .......... .......... .......... .......... 80.9M
  5650K ..........                                             84.7M=0.7s

2017-12-07 14:20:57 (7.86 MB/s) - 'bowtie2-v2.3.3.1.tar.gz' saved [5796408]

Untar bowtie2-v2.3.3.1.tar.gz
