Tue Sep 11 12:09:36 EDT 2018
The path to logs is /home/bioadmin/biocore_misc/logs
wget path: /usr/bin/wget
tar path: /usr/bin/tar
Tag: v1.1
Repository: package_downloads
Organization: mdibl
Git url: https://api.github.com/repos/mdibl/package_downloads/tarball/v1.1
This product will be installed under: /opt/software/internal
Tue Sep 11 12:09:36 EDT 2018
Cammand: /usr/bin/wget -O package_downloads-v1.1.tar.gz https://api.github.com/repos/mdibl/package_downloads/tarball/v1.1
--2018-09-11 12:09:36--  https://api.github.com/repos/mdibl/package_downloads/tarball/v1.1
Resolving api.github.com (api.github.com)... 192.30.253.116, 192.30.253.117
Connecting to api.github.com (api.github.com)|192.30.253.116|:443... connected.
HTTP request sent, awaiting response... 302 Found
Location: https://codeload.github.com/mdibl/package_downloads/legacy.tar.gz/v1.1 [following]
--2018-09-11 12:09:37--  https://codeload.github.com/mdibl/package_downloads/legacy.tar.gz/v1.1
Resolving codeload.github.com (codeload.github.com)... 192.30.253.120, 192.30.253.121
Connecting to codeload.github.com (codeload.github.com)|192.30.253.120|:443... connected.
HTTP request sent, awaiting response... 200 OK
Length: unspecified [application/x-gzip]
Saving to: 'package_downloads-v1.1.tar.gz'

     0K .......... .......... .......... .......... ..........  816K
    50K .......... .......... .......... .......... .......... 1.77M
   100K .......... .......... .......... .......... .......... 77.8M
   150K .......... .......... .......... .......... .......... 70.8M
   200K .......... .......... .......... .......... .......... 1.79M
   250K .......... .......... .......... .......... ..........  110M
   300K .......... .......... .......... .......... ..........  159M
   350K .......... .......... .......... .......... ..........  140M
   400K .......... .......... .......... .......... .......... 1.91M
   450K .......... .......... .......... .......... ..........  104M
   500K ......                                                  157M=0.1s

2018-09-11 12:09:37 (3.42 MB/s) - 'package_downloads-v1.1.tar.gz' saved [518787]

Untar package_downloads-v1.1.tar.gz
