Thu Sep 20 14:22:49 EDT 2018
The path to logs is /home/bioadmin/biocore_misc/logs
wget path: /usr/bin/wget
tar path: /usr/bin/tar
Tag: master
Repository: package_downloads
Organization: mdibl
Git url: https://api.github.com/repos/mdibl/package_downloads/tarball/master
This product will be installed under: /opt/software/internal
Thu Sep 20 14:22:49 EDT 2018
Cammand: /usr/bin/wget -O package_downloads-master.tar.gz https://api.github.com/repos/mdibl/package_downloads/tarball/master
--2018-09-20 14:22:49--  https://api.github.com/repos/mdibl/package_downloads/tarball/master
Resolving api.github.com (api.github.com)... 192.30.253.116, 192.30.253.117
Connecting to api.github.com (api.github.com)|192.30.253.116|:443... connected.
HTTP request sent, awaiting response... 302 Found
Location: https://codeload.github.com/mdibl/package_downloads/legacy.tar.gz/master [following]
--2018-09-20 14:22:49--  https://codeload.github.com/mdibl/package_downloads/legacy.tar.gz/master
Resolving codeload.github.com (codeload.github.com)... 192.30.253.120, 192.30.253.121
Connecting to codeload.github.com (codeload.github.com)|192.30.253.120|:443... connected.
HTTP request sent, awaiting response... 200 OK
Length: unspecified [application/x-gzip]
Saving to: 'package_downloads-master.tar.gz'

     0K .......... .......... .......... .......... ..........  773K
    50K .......... .......... .......... .......... .......... 1.76M
   100K .......... .......... .......... .......... ..........  121M
   150K .......... .......... .......... .......... .......... 1.79M
   200K .......... .......... .......... .......... .......... 82.0M
   250K .......... .......... .......... .......... ..........  112M
   300K .......... .......... .......... .......... ..........  108M
   350K .......... .......... .......... .......... .......... 1.86M
   400K .......... .......... .......... .......... ..........  126M
   450K .......... .......... .......... .......... .......... 92.3M
   500K ......                                                  152M=0.1s

2018-09-20 14:22:50 (3.32 MB/s) - 'package_downloads-master.tar.gz' saved [518982]

Untar package_downloads-master.tar.gz
