Tue Sep 18 14:12:02 EDT 2018
The path to logs is /home/bioadmin/biocore_misc/logs
wget path: /usr/bin/wget
tar path: /usr/bin/tar
Tag: v1.2.2
Repository: package_downloads
Organization: mdibl
Git url: https://api.github.com/repos/mdibl/package_downloads/tarball/v1.2.2
This product will be installed under: /opt/software/internal
Tue Sep 18 14:12:02 EDT 2018
Cammand: /usr/bin/wget -O package_downloads-v1.2.2.tar.gz https://api.github.com/repos/mdibl/package_downloads/tarball/v1.2.2
--2018-09-18 14:12:02--  https://api.github.com/repos/mdibl/package_downloads/tarball/v1.2.2
Resolving api.github.com (api.github.com)... 192.30.253.117, 192.30.253.116
Connecting to api.github.com (api.github.com)|192.30.253.117|:443... connected.
HTTP request sent, awaiting response... 302 Found
Location: https://codeload.github.com/mdibl/package_downloads/legacy.tar.gz/v1.2.2 [following]
--2018-09-18 14:12:03--  https://codeload.github.com/mdibl/package_downloads/legacy.tar.gz/v1.2.2
Resolving codeload.github.com (codeload.github.com)... 192.30.253.120, 192.30.253.121
Connecting to codeload.github.com (codeload.github.com)|192.30.253.120|:443... connected.
HTTP request sent, awaiting response... 200 OK
Length: unspecified [application/x-gzip]
Saving to: 'package_downloads-v1.2.2.tar.gz'

     0K .......... .......... .......... .......... ..........  789K
    50K .......... .......... .......... .......... .......... 1.79M
   100K .......... .......... .......... .......... ..........  124M
   150K .......... .......... .......... .......... .......... 1.78M
   200K .......... .......... .......... .......... .......... 45.9M
   250K .......... .......... .......... .......... .......... 65.4M
   300K .......... .......... .......... .......... .......... 76.8M
   350K .......... .......... .......... .......... .......... 1.92M
   400K .......... .......... .......... .......... .......... 55.7M
   450K .......... .......... .......... .......... .......... 74.8M
   500K ......                                                 74.3M=0.1s

2018-09-18 14:12:03 (3.35 MB/s) - 'package_downloads-v1.2.2.tar.gz' saved [518963]

Untar package_downloads-v1.2.2.tar.gz
