Thu Oct 26 12:36:06 EDT 2017
The path to logs is /home/bioadmin/biocore_misc/logs
wget path: /usr/bin/wget
tar path: /usr/bin/tar
Tag: v2.1.1
Repository: tophat
Organization: infphilo
Git url: https://api.github.com/repos/infphilo/tophat/tarball/v2.1.1
This product will be installed under: /opt/software/external/tophat
Thu Oct 26 12:36:06 EDT 2017
Cammand: /usr/bin/wget -O tophat-v2.1.1.tar.gz https://api.github.com/repos/infphilo/tophat/tarball/v2.1.1
--2017-10-26 12:36:07--  https://api.github.com/repos/infphilo/tophat/tarball/v2.1.1
Resolving api.github.com (api.github.com)... 192.30.253.117, 192.30.253.116
Connecting to api.github.com (api.github.com)|192.30.253.117|:443... connected.
HTTP request sent, awaiting response... 302 Found
Location: https://codeload.github.com/infphilo/tophat/legacy.tar.gz/v2.1.1 [following]
--2017-10-26 12:36:07--  https://codeload.github.com/infphilo/tophat/legacy.tar.gz/v2.1.1
Resolving codeload.github.com (codeload.github.com)... 192.30.253.120, 192.30.253.121
Connecting to codeload.github.com (codeload.github.com)|192.30.253.120|:443... connected.
HTTP request sent, awaiting response... 200 OK
Length: 4537532 (4.3M) [application/x-gzip]
Saving to: ‘tophat-v2.1.1.tar.gz’

     0K .......... .......... .......... .......... ..........  1% 1004K 4s
    50K .......... .......... .......... .......... ..........  2% 1.97M 3s
   100K .......... .......... .......... .......... ..........  3% 2.04M 3s
   150K .......... .......... .......... .......... ..........  4% 62.8M 2s
   200K .......... .......... .......... .......... ..........  5% 63.1M 2s
   250K .......... .......... .......... .......... ..........  6% 2.11M 2s
   300K .......... .......... .......... .......... ..........  7% 89.0M 1s
   350K .......... .......... .......... .......... ..........  9% 93.4M 1s
   400K .......... .......... .......... .......... .......... 10% 72.8M 1s
   450K .......... .......... .......... .......... .......... 11% 2.14M 1s
   500K .......... .......... .......... .......... .......... 12% 83.7M 1s
   550K .......... .......... .......... .......... .......... 13% 89.3M 1s
   600K .......... .......... .......... .......... .......... 14% 81.4M 1s
   650K .......... .......... .......... .......... .......... 15%  101M 1s
   700K .......... .......... .......... .......... .......... 16%  143M 1s
   750K .......... .......... .......... .......... .......... 18% 95.5M 1s
   800K .......... .......... .......... .......... .......... 19% 90.2M 1s
   850K .......... .......... .......... .......... .......... 20% 90.1M 1s
   900K .......... .......... .......... .......... .......... 21% 2.40M 1s
   950K .......... .......... .......... .......... .......... 22% 98.2M 1s
  1000K .......... .......... .......... .......... .......... 23%  102M 1s
  1050K .......... .......... .......... .......... .......... 24% 84.5M 1s
  1100K .......... .......... .......... .......... .......... 25% 90.3M 0s
  1150K .......... .......... .......... .......... .......... 27% 96.9M 0s
  1200K .......... .......... .......... .......... .......... 28% 95.0M 0s
  1250K .......... .......... .......... .......... .......... 29%  105M 0s
  1300K .......... .......... .......... .......... .......... 30%  162M 0s
  1350K .......... .......... .......... .......... .......... 31% 96.0M 0s
  1400K .......... .......... .......... .......... .......... 32% 92.5M 0s
  1450K .......... .......... .......... .......... .......... 33% 2.54M 0s
  1500K .......... .......... .......... .......... .......... 34% 30.9M 0s
  1550K .......... .......... .......... .......... .......... 36% 50.6M 0s
  1600K .......... .......... .......... .......... .......... 37% 36.9M 0s
  1650K .......... .......... .......... .......... .......... 38% 34.2M 0s
  1700K .......... .......... .......... .......... .......... 39% 38.2M 0s
  1750K .......... .......... .......... .......... .......... 40% 87.7M 0s
  1800K .......... .......... .......... .......... .......... 41%  109M 0s
  1850K .......... .......... .......... .......... .......... 42%  125M 0s
  1900K .......... .......... .......... .......... .......... 44% 86.3M 0s
  1950K .......... .......... .......... .......... .......... 45% 95.5M 0s
  2000K .......... .......... .......... .......... .......... 46% 97.4M 0s
  2050K .......... .......... .......... .......... .......... 47% 98.9M 0s
  2100K .......... .......... .......... .......... .......... 48%  141M 0s
  2150K .......... .......... .......... .......... .......... 49%  106M 0s
  2200K .......... .......... .......... .......... .......... 50% 97.5M 0s
  2250K .......... .......... .......... .......... .......... 51% 2.02M 0s
  2300K .......... .......... .......... .......... .......... 53% 74.8M 0s
  2350K .......... .......... .......... .......... .......... 54% 3.63M 0s
  2400K .......... .......... .......... .......... .......... 55% 91.1M 0s
  2450K .......... .......... .......... .......... .......... 56% 81.4M 0s
  2500K .......... .......... .......... .......... .......... 57% 80.9M 0s
  2550K .......... .......... .......... .......... .......... 58% 78.6M 0s
  2600K .......... .......... .......... .......... .......... 59% 96.7M 0s
  2650K .......... .......... .......... .......... .......... 60% 94.4M 0s
  2700K .......... .......... .......... .......... .......... 62% 77.9M 0s
  2750K .......... .......... .......... .......... .......... 63% 83.0M 0s
  2800K .......... .......... .......... .......... .......... 64% 84.0M 0s
  2850K .......... .......... .......... .......... .......... 65% 89.9M 0s
  2900K .......... .......... .......... .......... .......... 66%  153M 0s
  2950K .......... .......... .......... .......... .......... 67%  129M 0s
  3000K .......... .......... .......... .......... .......... 68% 91.1M 0s
  3050K .......... .......... .......... .......... .......... 69% 88.7M 0s
  3100K .......... .......... .......... .......... .......... 71% 79.2M 0s
  3150K .......... .......... .......... .......... .......... 72% 86.7M 0s
  3200K .......... .......... .......... .......... .......... 73% 78.2M 0s
  3250K .......... .......... .......... .......... .......... 74%  125M 0s
  3300K .......... .......... .......... .......... .......... 75% 86.7M 0s
  3350K .......... .......... .......... .......... .......... 76% 86.4M 0s
  3400K .......... .......... .......... .......... .......... 77% 97.0M 0s
  3450K .......... .......... .......... .......... .......... 78% 90.1M 0s
  3500K .......... .......... .......... .......... .......... 80%  148M 0s
  3550K .......... .......... .......... .......... .......... 81%  132M 0s
  3600K .......... .......... .......... .......... .......... 82% 93.8M 0s
  3650K .......... .......... .......... .......... .......... 83% 99.1M 0s
  3700K .......... .......... .......... .......... .......... 84% 86.3M 0s
  3750K .......... .......... .......... .......... .......... 85%  130M 0s
  3800K .......... .......... .......... .......... .......... 86%  132M 0s
  3850K .......... .......... .......... .......... .......... 88%  105M 0s
  3900K .......... .......... .......... .......... .......... 89%  107M 0s
  3950K .......... .......... .......... .......... .......... 90%  108M 0s
  4000K .......... .......... .......... .......... .......... 91% 5.41M 0s
  4050K .......... .......... .......... .......... .......... 92%  102M 0s
  4100K .......... .......... .......... .......... .......... 93%  111M 0s
  4150K .......... .......... .......... .......... .......... 94% 96.7M 0s
  4200K .......... .......... .......... .......... .......... 95% 89.8M 0s
  4250K .......... .......... .......... .......... .......... 97% 95.4M 0s
  4300K .......... .......... .......... .......... .......... 98%  110M 0s
  4350K .......... .......... .......... .......... .......... 99%  147M 0s
  4400K .......... .......... .......... .                    100%  109M=0.3s

2017-10-26 12:36:08 (15.7 MB/s) - ‘tophat-v2.1.1.tar.gz’ saved [4537532/4537532]

Untar tophat-v2.1.1.tar.gz
