Wed Jun 27 10:05:37 EDT 2018
The path to logs is /home/bioadmin/biocore_misc/logs
wget path: /usr/bin/wget
tar path: /usr/bin/tar
Tag: v1.0.0
Repository: GGR-cwl
Organization: Duke-GCB
Git url: https://api.github.com/repos/Duke-GCB/GGR-cwl/tarball/v1.0.0
This product will be installed under: /opt/software/external/ggr-cwl
Wed Jun 27 10:05:37 EDT 2018
Cammand: /usr/bin/wget -O GGR-cwl-v1.0.0.tar.gz https://api.github.com/repos/Duke-GCB/GGR-cwl/tarball/v1.0.0
--2018-06-27 10:05:37--  https://api.github.com/repos/Duke-GCB/GGR-cwl/tarball/v1.0.0
Resolving api.github.com (api.github.com)... 192.30.253.117, 192.30.253.116
Connecting to api.github.com (api.github.com)|192.30.253.117|:443... connected.
HTTP request sent, awaiting response... 302 Found
Location: https://codeload.github.com/Duke-GCB/GGR-cwl/legacy.tar.gz/v1.0.0 [following]
--2018-06-27 10:05:37--  https://codeload.github.com/Duke-GCB/GGR-cwl/legacy.tar.gz/v1.0.0
Resolving codeload.github.com (codeload.github.com)... 192.30.253.121, 192.30.253.120
Connecting to codeload.github.com (codeload.github.com)|192.30.253.121|:443... connected.
HTTP request sent, awaiting response... 200 OK
Length: 228809 (223K) [application/x-gzip]
Saving to: ‘GGR-cwl-v1.0.0.tar.gz’

     0K .......... .......... .......... .......... .......... 22%  987K 0s
    50K .......... .......... .......... .......... .......... 44% 1.94M 0s
   100K .......... .......... .......... .......... .......... 67% 29.1M 0s
   150K .......... .......... .......... .......... .......... 89% 2.08M 0s
   200K .......... .......... ...                             100% 37.9M=0.1s

2018-06-27 10:05:37 (2.15 MB/s) - ‘GGR-cwl-v1.0.0.tar.gz’ saved [228809/228809]

Untar GGR-cwl-v1.0.0.tar.gz
