Thu Dec  7 14:00:34 EST 2017
The path to logs is /home/bioadmin/biocore_misc/logs
wget path: /usr/bin/wget
tar path: /usr/bin/tar
Tag: v2.3.4-alpha
Repository: bowtie2
Organization: BenLangmead
Git url: https://api.github.com/repos/BenLangmead/bowtie2/tarball/v2.3.4-alpha
This product will be installed under: /opt/software/external/bowtie2
Thu Dec  7 14:00:34 EST 2017
Cammand: /usr/bin/wget -O bowtie2-v2.3.4-alpha.tar.gz https://api.github.com/repos/BenLangmead/bowtie2/tarball/v2.3.4-alpha
--2017-12-07 14:00:34--  https://api.github.com/repos/BenLangmead/bowtie2/tarball/v2.3.4-alpha
Resolving api.github.com (api.github.com)... 192.30.253.116, 192.30.253.117
Connecting to api.github.com (api.github.com)|192.30.253.116|:443... connected.
HTTP request sent, awaiting response... 302 Found
Location: https://codeload.github.com/BenLangmead/bowtie2/legacy.tar.gz/v2.3.4-alpha [following]
--2017-12-07 14:00:34--  https://codeload.github.com/BenLangmead/bowtie2/legacy.tar.gz/v2.3.4-alpha
Resolving codeload.github.com (codeload.github.com)... 192.30.253.120, 192.30.253.121
Connecting to codeload.github.com (codeload.github.com)|192.30.253.120|:443... connected.
HTTP request sent, awaiting response... 200 OK
Length: unspecified [application/x-gzip]
Saving to: 'bowtie2-v2.3.4-alpha.tar.gz'

     0K .......... .......... .......... .......... ..........  728K
    50K .......... .......... .......... .......... .......... 1.24M
   100K .......... .......... .......... .......... .......... 20.7M
   150K .......... .......... .......... .......... .......... 1.40M
   200K .......... .......... .......... .......... .......... 4.93M
   250K .......... .......... .......... .......... .......... 1.84M
   300K .......... .......... .......... .......... .......... 6.08M
   350K .......... .......... .......... .......... .......... 2.65M
   400K .......... .......... .......... .......... .......... 6.28M
   450K .......... .......... .......... .......... .......... 2.61M
   500K .......... .......... .......... .......... .......... 5.92M
   550K .......... .......... .......... .......... .......... 2.68M
   600K .......... .......... .......... .......... .......... 6.04M
   650K .......... .......... .......... .......... .......... 3.05M
   700K .......... .......... .......... .......... .......... 4.85M
   750K .......... .......... .......... .......... .......... 3.00M
   800K .......... .......... .......... .......... .......... 15.0M
   850K .......... .......... .......... .......... .......... 6.45M
   900K .......... .......... .......... .......... .......... 2.65M
   950K .......... .......... .......... .......... .......... 6.16M
  1000K .......... .......... .......... .......... .......... 3.07M
  1050K .......... .......... .......... .......... .......... 12.2M
  1100K .......... .......... .......... .......... .......... 7.12M
  1150K .......... .......... .......... .......... .......... 2.92M
  1200K .......... .......... .......... .......... .......... 5.51M
  1250K .......... .......... .......... .......... .......... 40.2M
  1300K .......... .......... .......... .......... .......... 2.66M
  1350K .......... .......... .......... .......... .......... 6.81M
  1400K .......... .......... .......... .......... .......... 2.98M
  1450K .......... .......... .......... .......... .......... 16.5M
  1500K .......... .......... .......... .......... .......... 6.80M
  1550K .......... .......... .......... .......... .......... 2.90M
  1600K .......... .......... .......... .......... .......... 21.1M
  1650K .......... .......... .......... .......... .......... 6.12M
  1700K .......... .......... .......... .......... .......... 25.3M
  1750K .......... .......... .......... .......... .......... 3.12M
  1800K .......... .......... .......... .......... .......... 5.91M
  1850K .......... .......... .......... .......... .......... 21.9M
  1900K .......... .......... .......... .......... .......... 3.08M
  1950K .......... .......... .......... .......... .......... 26.5M
  2000K .......... .......... .......... .......... .......... 6.12M
  2050K .......... .......... .......... .......... .......... 3.13M
  2100K .......... .......... .......... .......... .......... 22.7M
  2150K .......... .......... .......... .......... .......... 6.46M
  2200K .......... .......... .......... .......... .......... 25.0M
  2250K .......... .......... .......... .......... .......... 3.11M
  2300K .......... .......... .......... .......... .......... 32.7M
  2350K .......... .......... .......... .......... .......... 6.13M
  2400K .......... .......... .......... .......... .......... 28.0M
  2450K .......... .......... .......... .......... .......... 3.18M
  2500K .......... .......... .......... .......... .......... 30.2M
  2550K .......... .......... .......... .......... .......... 6.28M
  2600K .......... .......... .......... .......... .......... 27.4M
  2650K .......... .......... .......... .......... .......... 3.19M
  2700K .......... .......... .......... .......... .......... 35.0M
  2750K .......... .......... .......... .......... .......... 6.40M
  2800K .......... .......... .......... .......... .......... 25.8M
  2850K .......... .......... .......... .......... .......... 3.23M
  2900K .......... .......... .......... .......... .......... 34.7M
  2950K .......... .......... .......... .......... .......... 6.34M
  3000K .......... .......... .......... .......... .......... 29.3M
  3050K .......... .......... .......... .......... .......... 3.35M
  3100K .......... .......... .......... .......... .......... 24.5M
  3150K .......... .......... .......... .......... .......... 36.7M
  3200K .......... .......... .......... .......... .......... 6.38M
  3250K .......... .......... .......... .......... .......... 24.1M
  3300K .......... .......... .......... .......... .......... 3.29M
  3350K .......... .......... .......... .......... .......... 42.1M
  3400K .......... .......... .......... .......... .......... 41.3M
  3450K .......... .......... .......... .......... .......... 6.42M
  3500K .......... .......... .......... .......... .......... 31.8M
  3550K .......... .......... .......... .......... .......... 3.13M
  3600K .......... .......... .......... .......... .......... 33.5M
  3650K .......... .......... .......... .......... .......... 6.89M
  3700K .......... .......... .......... .......... .......... 32.7M
  3750K .......... .......... .......... .......... .......... 33.6M
  3800K .......... .......... .......... .......... .......... 3.34M
  3850K .......... .......... .......... .......... .......... 46.4M
  3900K .......... .......... .......... .......... .......... 52.0M
  3950K .......... .......... .......... .......... .......... 5.70M
  4000K .......... .......... .......... .......... .......... 58.4M
  4050K .......... .......... .......... .......... .......... 3.00M
  4100K .......... .......... .......... .......... .......... 33.2M
  4150K .......... .......... .......... .......... .......... 89.1M
  4200K .......... .......... .......... .......... .......... 7.72M
  4250K .......... .......... .......... .......... .......... 42.8M
  4300K .......... .......... .......... .......... .......... 3.06M
  4350K .......... .......... .......... .......... .......... 43.5M
  4400K .......... .......... .......... .......... .......... 76.5M
  4450K .......... .......... .......... .......... .......... 80.1M
  4500K .......... .......... .......... .......... .......... 6.50M
  4550K .......... .......... .......... .......... .......... 35.1M
  4600K .......... .......... .......... .......... .......... 3.23M
  4650K .......... .......... .......... .......... .......... 48.8M
  4700K .......... .......... .......... .......... .......... 60.9M
  4750K .......... .......... .......... .......... .......... 6.86M
  4800K .......... .......... .......... .......... .......... 45.7M
  4850K .......... .......... .......... .......... .......... 31.9M
  4900K .......... .......... .......... .......... .......... 3.22M
  4950K .......... .......... .......... .......... .......... 53.4M
  5000K .......... .......... .......... .......... .......... 68.0M
  5050K .......... .......... .......... .......... .......... 7.22M
  5100K .......... .......... .......... .......... .......... 46.8M
  5150K .......... .......... .......... .......... .......... 55.9M
  5200K .......... .......... .......... .......... .......... 3.07M
  5250K .......... .......... .......... .......... .......... 30.1M
  5300K .......... .......... .......... .......... .......... 32.8M
  5350K .......... .......... .......... .......... .......... 42.5M
  5400K .......... .......... .......... .......... .......... 8.46M
  5450K .......... .......... .......... .......... .......... 59.2M
  5500K .......... .......... .......... .......... .......... 34.9M
  5550K .......... .......... .......... .......... .......... 3.33M
  5600K .......... .......... .......... .......... .......... 42.2M
  5650K ..........                                             40.9M=0.9s

2017-12-07 14:00:36 (5.98 MB/s) - 'bowtie2-v2.3.4-alpha.tar.gz' saved [5796453]

Untar bowtie2-v2.3.4-alpha.tar.gz
