Thu Oct  5 15:05:19 EDT 2017
The path to logs is /home/bioadmin/biocore_misc/logs
wget path: /usr/bin/wget
tar path: /usr/bin/tar
Tag: 1.6
Repository: htslib
Organization: samtools
Git url: https://api.github.com/repos/samtools/htslib/tarball/1.6
This product will be installed under: /opt/software/external/htslib
Thu Oct  5 15:05:19 EDT 2017
Cammand: /usr/bin/wget -O htslib-1.6.tar.gz https://api.github.com/repos/samtools/htslib/tarball/1.6
--2017-10-05 15:05:19--  https://api.github.com/repos/samtools/htslib/tarball/1.6
Resolving api.github.com (api.github.com)... 192.30.253.116, 192.30.253.117
Connecting to api.github.com (api.github.com)|192.30.253.116|:443... connected.
HTTP request sent, awaiting response... 302 Found
Location: https://codeload.github.com/samtools/htslib/legacy.tar.gz/1.6 [following]
--2017-10-05 15:05:19--  https://codeload.github.com/samtools/htslib/legacy.tar.gz/1.6
Resolving codeload.github.com (codeload.github.com)... 192.30.253.120, 192.30.253.121
Connecting to codeload.github.com (codeload.github.com)|192.30.253.120|:443... connected.
HTTP request sent, awaiting response... 200 OK
Length: 1155773 (1.1M) [application/x-gzip]
Saving to: 'htslib-1.6.tar.gz'

     0K .......... .......... .......... .......... ..........  4%  979K 1s
    50K .......... .......... .......... .......... ..........  8% 1.86M 1s
   100K .......... .......... .......... .......... .......... 13% 1.92M 1s
   150K .......... .......... .......... .......... .......... 17% 78.6M 0s
   200K .......... .......... .......... .......... .......... 22% 1.99M 0s
   250K .......... .......... .......... .......... .......... 26% 64.3M 0s
   300K .......... .......... .......... .......... .......... 31% 70.7M 0s
   350K .......... .......... .......... .......... .......... 35% 81.0M 0s
   400K .......... .......... .......... .......... .......... 39%  129M 0s
   450K .......... .......... .......... .......... .......... 44% 2.15M 0s
   500K .......... .......... .......... .......... .......... 48% 87.6M 0s
   550K .......... .......... .......... .......... .......... 53% 75.2M 0s
   600K .......... .......... .......... .......... .......... 57% 73.5M 0s
   650K .......... .......... .......... .......... .......... 62% 63.1M 0s
   700K .......... .......... .......... .......... .......... 66% 71.6M 0s
   750K .......... .......... .......... .......... .......... 70% 85.8M 0s
   800K .......... .......... .......... .......... .......... 75% 81.5M 0s
   850K .......... .......... .......... .......... .......... 79% 76.7M 0s
   900K .......... .......... .......... .......... .......... 84% 59.5M 0s
   950K .......... .......... .......... .......... .......... 88% 2.41M 0s
  1000K .......... .......... .......... .......... .......... 93% 98.9M 0s
  1050K .......... .......... .......... .......... .......... 97%  112M 0s
  1100K .......... .......... ........                        100% 99.9M=0.2s

2017-10-05 15:05:20 (6.11 MB/s) - 'htslib-1.6.tar.gz' saved [1155773/1155773]

Untar htslib-1.6.tar.gz
