Thu Oct  5 15:26:54 EDT 2017
The path to logs is /home/bioadmin/biocore_misc/logs
wget path: /usr/bin/wget
tar path: /usr/bin/tar
Tag: 1.6
Repository: samtools
Organization: samtools
Git url: https://api.github.com/repos/samtools/samtools/tarball/1.6
This product will be installed under: /opt/software/external/samtools
Thu Oct  5 15:26:54 EDT 2017
Cammand: /usr/bin/wget -O samtools-1.6.tar.gz https://api.github.com/repos/samtools/samtools/tarball/1.6
--2017-10-05 15:26:54--  https://api.github.com/repos/samtools/samtools/tarball/1.6
Resolving api.github.com (api.github.com)... 192.30.253.117, 192.30.253.116
Connecting to api.github.com (api.github.com)|192.30.253.117|:443... connected.
HTTP request sent, awaiting response... 302 Found
Location: https://codeload.github.com/samtools/samtools/legacy.tar.gz/1.6 [following]
--2017-10-05 15:26:54--  https://codeload.github.com/samtools/samtools/legacy.tar.gz/1.6
Resolving codeload.github.com (codeload.github.com)... 192.30.253.121, 192.30.253.120
Connecting to codeload.github.com (codeload.github.com)|192.30.253.121|:443... connected.
HTTP request sent, awaiting response... 200 OK
Length: unspecified [application/x-gzip]
Saving to: 'samtools-1.6.tar.gz'

     0K .......... .......... .......... .......... .......... 1008K
    50K .......... .......... .......... .......... .......... 1.98M
   100K .......... .......... .......... .......... .......... 2.05M
   150K .......... .......... .......... .......... .......... 80.6M
   200K .......... .......... .......... .......... .......... 81.9M
   250K .......... .......... .......... .......... .......... 2.07M
   300K .......... .......... .......... .......... .......... 31.5M
   350K .......... .......... .......... .......... .......... 42.3M
   400K .......... .......... .......... .......... .......... 36.4M
   450K .......... .......... .......... .......... .......... 66.2M
   500K .......... .......... .......... .......... .......... 2.38M
   550K .......... .......... .......... .......... .......... 27.7M
   600K .......... .......... .......... .......... .......... 33.0M
   650K .......... .......... .......... .......... .......... 39.9M
   700K .......... .......... .......... .......... .......... 29.3M
   750K .......... .......... .......... .......... .......... 61.7M
   800K .......... .......... .......... .......... .......... 57.9M
   850K .......... .......... .......... .......... .......... 38.8M
   900K .......... .......... .......... .......... .......... 49.1M
   950K .......... .......... .......... .......... .......... 89.9M
  1000K .......... .......... .......... .......... .......... 3.71M
  1050K .......... .......... .......... .......... .......... 78.6M
  1100K .......... .......... .......... .......... .......... 66.9M
  1150K .......... .......... .......... .......... .......... 88.6M
  1200K .......... .......... .......... .......... .......... 85.9M
  1250K .......... .......... .......... .......... .......... 84.6M
  1300K .......... .......... .......... .......... .......... 90.6M
  1350K .......... .......... .......... .......... ..........  130M
  1400K .......... .......... .......... .......... ..........  106M
  1450K .......... .......... .......... .......... .......... 73.0M
  1500K .......... .......... .......... .......... .......... 85.3M
  1550K .......... .......... .......... .......... .......... 89.3M
  1600K .......... .......... .......... .......... .......... 2.08M
  1650K .......... .......... .......... .......... .......... 95.1M
  1700K .......... .......... .......... .......... ..........  100M
  1750K .......... .......... .......... .......... .......... 96.9M
  1800K .......... .......... .......... .......... ..........  103M
  1850K .......... .......... .......... .......... .......... 91.9M
  1900K .......... .......... .......... .......... ..........  161M
  1950K .......... .......... .......... .......... ..........  129M
  2000K .......... .......... .......... .......... ..........  562K
  2050K .......... .......... .......... .......... .......... 30.6M
  2100K .......... .......... .......... .......... .......... 35.7M
  2150K .......... .......... .......... .......... .......... 42.8M
  2200K .......... .......... .......... .......... .......... 53.2M
  2250K .......... .......... .......... .......... .......... 44.7M
  2300K .......... .......... .......... .......... .......... 41.4M
  2350K .......... .......... .......... .......... .......... 59.5M
  2400K .......... .......... .......... .......... .......... 2.93M
  2450K .......... .......... .......... .......... .......... 94.2M
  2500K .......... .......... .......... .......... ..........  128M
  2550K .......... .......... .......... .......... .......... 82.2M
  2600K .......... .......... .......... .......... .......... 84.1M
  2650K .......... .......... .......... .......... .......... 91.3M
  2700K .......... .......... .......... .......... ..........  108M
  2750K .......... .......... .......... .......... ..........  140M
  2800K .......... .......... .......... .......... .......... 90.4M
  2850K .......... .......... .......... .......... .......... 90.0M
  2900K .......... .......... .......... .......... .......... 89.1M
  2950K .......... .......... .......... .......... .......... 85.8M
  3000K .......... .......... .......... .......... ..........  144M
  3050K .......... .......... .......... .......... ..........  121M
  3100K .......... .......... .......... .......... ..........  103M
  3150K .......... .......... .......... .......... .......... 2.65M
  3200K .......... .......... .......... .......... .......... 88.6M
  3250K .......... .......... .......... .......... .......... 96.4M
  3300K .......... .......... .......... .......... ..........  139M
  3350K .......... .......... .......... .......... .......... 84.9M
  3400K .......... .......... .......... .......... .......... 92.8M
  3450K .......... .......... .......... .......... .......... 96.3M
  3500K .......... .......... .......... .......... ..........  104M
  3550K .......... .......... .......... .......... ..........  117M
  3600K .......... .......... .......... .......... ..........  100M
  3650K .......... .......... .......... .......... .......... 77.0M
  3700K .......... .......... .......... .......... .......... 89.1M
  3750K .......... .......... .......... .......... .......... 87.2M
  3800K .......... .......... .......... .......... ..........  121M
  3850K .......... .......... .......... .......... .......... 2.75M
  3900K .......... ..........                                  36.3M=0.4s

2017-10-05 15:26:55 (10.4 MB/s) - 'samtools-1.6.tar.gz' saved [4014490]

Untar samtools-1.6.tar.gz
