Wed Jun 27 10:10:25 EDT 2018
The path to logs is /home/bioadmin/biocore_misc/logs
wget path: /usr/bin/wget
tar path: /usr/bin/tar
Tag: v1.0
Repository: workflows
Organization: alexbarrera
Git url: https://api.github.com/repos/alexbarrera/workflows/tarball/v1.0
This product will be installed under: /opt/software/external/ggr-cwl/GGR-cwl
Wed Jun 27 10:10:25 EDT 2018
Cammand: /usr/bin/wget -O workflows-v1.0.tar.gz https://api.github.com/repos/alexbarrera/workflows/tarball/v1.0
--2018-06-27 10:10:25--  https://api.github.com/repos/alexbarrera/workflows/tarball/v1.0
Resolving api.github.com (api.github.com)... 192.30.253.117, 192.30.253.116
Connecting to api.github.com (api.github.com)|192.30.253.117|:443... connected.
HTTP request sent, awaiting response... 302 Found
Location: https://codeload.github.com/alexbarrera/workflows/legacy.tar.gz/v1.0 [following]
--2018-06-27 10:10:25--  https://codeload.github.com/alexbarrera/workflows/legacy.tar.gz/v1.0
Resolving codeload.github.com (codeload.github.com)... 192.30.253.120, 192.30.253.121
Connecting to codeload.github.com (codeload.github.com)|192.30.253.120|:443... connected.
HTTP request sent, awaiting response... 200 OK
Length: unspecified [application/x-gzip]
Saving to: ‘workflows-v1.0.tar.gz’

     0K .......... .......... .......... .......... ..........  987K
    50K .......... .......... .......... .......... .......... 1.89M
   100K .......... .......... .......... .......... .......... 29.0M
   150K .......... .......... .......... .......... .......... 2.12M
   200K .......... .......... .......... .......... .......... 22.1M
   250K .......... .......... .......... .......... .......... 24.2M
   300K .......... .......... .......... .......... .......... 25.7M
   350K .......... .......... .......... .......... .......... 2.49M
   400K .......... .......... .......... .......... .......... 21.8M
   450K .......... .......... .......... .......... .......... 21.7M
   500K .......... .......... .......... .......... .......... 25.9M
   550K .......... .......... .......... .......... .......... 25.1M
   600K .......... .......... .......... .......... .......... 26.4M
   650K .......... .......... .......... .......... .......... 3.22M
   700K .......... .......... .......... .......... .......... 49.0M
   750K .......... .......... .......... .......... .......... 27.1M
   800K .......... .......... .......... .......... .......... 22.7M
   850K .......... .......... .......... .......... .......... 18.4M
   900K .......... .......... .......... .......... .......... 24.6M
   950K .......... .......... .......... .......... .......... 48.1M
  1000K .......... .......... .......... .......... .......... 46.1M
  1050K .......... .......... .......... .......... .......... 25.7M
  1100K .......... .......... .......... .......... .......... 25.5M
  1150K .......... .......... .......... .......... .......... 26.4M
  1200K .......... .......... .......... .......... .......... 37.7M
  1250K .......... .......... .......... .......... .......... 66.3M
  1300K .......... .......... .......... .......... .......... 8.78M
  1350K .......... .......... .......... .......... .......... 23.5M
  1400K .......... .......... .......... .......... .......... 22.2M
  1450K .......... .......... .......... .......... .......... 23.0M
  1500K .......... .......... .......... .......... .......... 23.4M
  1550K .......... .......... .......... .......... .......... 49.1M
  1600K .......... .......... .......... .......... .......... 43.4M
  1650K .......... .......... .......... .......... .......... 29.5M
  1700K .......... .......... .......... .......... .......... 30.1M
  1750K .......... .......... .......... .......... .......... 29.0M
  1800K .......... .......... .......... .......... .......... 44.5M
  1850K .......... .......... .......... .......... .......... 64.1M
  1900K .......... .......... .......... .......... .......... 30.2M
  1950K .......... .......... .......... .......... .......... 29.0M
  2000K .......... .......... .......... .......... .......... 54.9K
  2050K .......... .......... .......... .......... .......... 29.0M
  2100K .......... .......... .......... .......... .......... 31.1M
  2150K .......... .......... .......... .......... .......... 28.6M
  2200K .......... .......... .......... .......... .......... 29.0M
  2250K .......... .......... .......... .......... .......... 34.6M
  2300K .......... .......... .......... .........             28.0M=1.1s

2018-06-27 10:10:27 (2.04 MB/s) - ‘workflows-v1.0.tar.gz’ saved [2395209]

Untar workflows-v1.0.tar.gz
