Thu Oct  5 15:40:14 EDT 2017
The path to logs is /home/bioadmin/biocore_misc/logs
wget path: /usr/bin/wget
tar path: /usr/bin/tar
Tag: v2.4.1
Repository: bamtools
Organization: pezmaster31
Git url: https://api.github.com/repos/pezmaster31/bamtools/tarball/v2.4.1
This product will be installed under: /opt/software/external/bamtools
Thu Oct  5 15:40:14 EDT 2017
Cammand: /usr/bin/wget -O bamtools-v2.4.1.tar.gz https://api.github.com/repos/pezmaster31/bamtools/tarball/v2.4.1
--2017-10-05 15:40:14--  https://api.github.com/repos/pezmaster31/bamtools/tarball/v2.4.1
Resolving api.github.com (api.github.com)... 192.30.253.117, 192.30.253.116
Connecting to api.github.com (api.github.com)|192.30.253.117|:443... connected.
HTTP request sent, awaiting response... 302 Found
Location: https://codeload.github.com/pezmaster31/bamtools/legacy.tar.gz/v2.4.1 [following]
--2017-10-05 15:40:14--  https://codeload.github.com/pezmaster31/bamtools/legacy.tar.gz/v2.4.1
Resolving codeload.github.com (codeload.github.com)... 192.30.253.121, 192.30.253.120
Connecting to codeload.github.com (codeload.github.com)|192.30.253.121|:443... connected.
HTTP request sent, awaiting response... 200 OK
Length: unspecified [application/x-gzip]
Saving to: 'bamtools-v2.4.1.tar.gz'

     0K .......... .......... .......... .......... .......... 1.14M
    50K .......... .......... .......... .......... .......... 2.34M
   100K .......... .......... .......... .......... .......... 26.1M
   150K .......... .......... .......... .......... .......... 2.44M
   200K .......... .......... .......... .......... .......... 31.0M
   250K .......... .......... .......... .......... .......... 82.2M
   300K .......... .......... .......... .......... .......... 2.49M
   350K .......... .......... .......... .......... .......... 22.7M
   400K .......... .......... .......... .......... .......... 29.1M
   450K .......... .......... .......... .......... .......... 35.3M
   500K .......... .......... .......                          36.5M=0.1s

2017-10-05 15:40:15 (4.55 MB/s) - 'bamtools-v2.4.1.tar.gz' saved [540634]

Untar bamtools-v2.4.1.tar.gz
