Thu Feb  8 14:00:30 EST 2018
The path to logs is /home/bioadmin/biocore_misc/logs
wget path: /usr/bin/wget
tar path: /usr/bin/tar
Tag: v2.3.4.1
Repository: bowtie2
Organization: BenLangmead
Git url: https://api.github.com/repos/BenLangmead/bowtie2/tarball/v2.3.4.1
This product will be installed under: /opt/software/external/bowtie2
Thu Feb  8 14:00:30 EST 2018
Cammand: /usr/bin/wget -O bowtie2-v2.3.4.1.tar.gz https://api.github.com/repos/BenLangmead/bowtie2/tarball/v2.3.4.1
--2018-02-08 14:00:30--  https://api.github.com/repos/BenLangmead/bowtie2/tarball/v2.3.4.1
Resolving api.github.com (api.github.com)... 192.30.253.116, 192.30.253.117
Connecting to api.github.com (api.github.com)|192.30.253.116|:443... connected.
HTTP request sent, awaiting response... 302 Found
Location: https://codeload.github.com/BenLangmead/bowtie2/legacy.tar.gz/v2.3.4.1 [following]
--2018-02-08 14:00:30--  https://codeload.github.com/BenLangmead/bowtie2/legacy.tar.gz/v2.3.4.1
Resolving codeload.github.com (codeload.github.com)... 192.30.253.121, 192.30.253.120
Connecting to codeload.github.com (codeload.github.com)|192.30.253.121|:443... connected.
HTTP request sent, awaiting response... 200 OK
Length: unspecified [application/x-gzip]
Saving to: 'bowtie2-v2.3.4.1.tar.gz'

     0K .......... .......... .......... .......... .......... 1.22M
    50K .......... .......... .......... .......... .......... 2.43M
   100K .......... .......... .......... .......... .......... 57.4M
   150K .......... .......... .......... .......... .......... 2.50M
   200K .......... .......... .......... .......... .......... 59.3M
   250K .......... .......... .......... .......... .......... 63.8M
   300K .......... .......... .......... .......... .......... 54.5M
   350K .......... .......... .......... .......... .......... 64.6M
   400K .......... .......... .......... .......... .......... 2.77M
   450K .......... .......... .......... .......... .......... 64.6M
   500K .......... .......... .......... .......... .......... 72.6M
   550K .......... .......... .......... .......... ..........  111M
   600K .......... .......... .......... .......... .......... 91.3M
   650K .......... .......... .......... .......... .......... 68.1M
   700K .......... .......... .......... .......... .......... 73.3M
   750K .......... .......... .......... .......... .......... 68.1M
   800K .......... .......... .......... .......... .......... 3.23M
   850K .......... .......... .......... .......... .......... 41.1M
   900K .......... .......... .......... .......... .......... 56.7M
   950K .......... .......... .......... .......... .......... 59.9M
  1000K .......... .......... .......... .......... .......... 78.9M
  1050K .......... .......... .......... .......... .......... 49.3M
  1100K .......... .......... .......... .......... .......... 37.6M
  1150K .......... .......... .......... .......... .......... 69.7M
  1200K .......... .......... .......... .......... .......... 66.6M
  1250K .......... .......... .......... .......... ..........  130M
  1300K .......... .......... .......... .......... .......... 81.3M
  1350K .......... .......... .......... .......... .......... 69.8M
  1400K .......... .......... .......... .......... .......... 4.54M
  1450K .......... .......... .......... .......... .......... 72.6M
  1500K .......... .......... .......... .......... .......... 65.3M
  1550K .......... .......... .......... .......... .......... 72.4M
  1600K .......... .......... .......... .......... ..........  115M
  1650K .......... .......... .......... .......... .......... 73.1M
  1700K .......... .......... .......... .......... .......... 57.8M
  1750K .......... .......... .......... .......... .......... 35.5M
  1800K .......... .......... .......... .......... .......... 48.0M
  1850K .......... .......... .......... .......... .......... 79.4M
  1900K .......... .......... .......... .......... .......... 64.9M
  1950K .......... .......... .......... .......... .......... 49.5M
  2000K .......... .......... .......... .......... ..........  231K
  2050K .......... .......... .......... .......... .......... 49.9M
  2100K .......... .......... .......... .......... .......... 55.0M
  2150K .......... .......... .......... .......... .......... 65.1M
  2200K .......... .......... .......... .......... .......... 49.0M
  2250K .......... .......... .......... .......... .......... 63.0M
  2300K .......... .......... .......... .......... .......... 53.9M
  2350K .......... .......... .......... .......... .......... 74.0M
  2400K .......... .......... .......... .......... ..........  107M
  2450K .......... .......... .......... .......... .......... 76.0M
  2500K .......... .......... .......... .......... .......... 56.3M
  2550K .......... .......... .......... .......... .......... 62.4M
  2600K .......... .......... .......... .......... .......... 2.83M
  2650K .......... .......... .......... .......... .......... 87.4M
  2700K .......... .......... .......... .......... .......... 89.7M
  2750K .......... .......... .......... .......... .......... 60.9M
  2800K .......... .......... .......... .......... .......... 50.9M
  2850K .......... .......... .......... .......... .......... 63.5M
  2900K .......... .......... .......... .......... .......... 66.9M
  2950K .......... .......... .......... .......... ..........  115M
  3000K .......... .......... .......... .......... .......... 75.2M
  3050K .......... .......... .......... .......... .......... 72.1M
  3100K .......... .......... .......... .......... .......... 80.7M
  3150K .......... .......... .......... .......... .......... 73.3M
  3200K .......... .......... .......... .......... .......... 6.78M
  3250K .......... .......... .......... .......... .......... 77.0M
  3300K .......... .......... .......... .......... .......... 59.1M
  3350K .......... .......... .......... .......... .......... 71.8M
  3400K .......... .......... .......... .......... .......... 76.4M
  3450K .......... .......... .......... .......... ..........  102M
  3500K .......... .......... .......... .......... .......... 20.1M
  3550K .......... .......... .......... .......... .......... 81.1M
  3600K .......... .......... .......... .......... .......... 91.0M
  3650K .......... .......... .......... .......... .......... 96.9M
  3700K .......... .......... .......... .......... .......... 90.0M
  3750K .......... .......... .......... .......... ..........  138M
  3800K .......... .......... .......... .......... ..........  105M
  3850K .......... .......... .......... .......... .......... 86.5M
  3900K .......... .......... .......... .......... .......... 77.7M
  3950K .......... .......... .......... .......... .......... 77.6M
  4000K .......... .......... .......... .......... .......... 99.4M
  4050K .......... .......... .......... .......... ..........  158K
  4100K .......... .......... .......... .......... .......... 56.0M
  4150K .......... .......... .......... .......... .......... 49.4M
  4200K .......... .......... .......... .......... .......... 67.4M
  4250K .......... .......... .......... .......... .......... 70.6M
  4300K .......... .......... .......... .......... .......... 72.1M
  4350K .......... .......... .......... .......... .......... 75.9M
  4400K .......... .......... .......... .......... .......... 66.2M
  4450K .......... .......... .......... .......... .......... 67.0M
  4500K .......... .......... .......... .......... ..........  122M
  4550K .......... .......... .......... .......... .......... 94.2M
  4600K .......... .......... .......... .......... .......... 70.0M
  4650K .......... .......... .......... .......... .......... 2.64M
  4700K .......... .......... .......... .......... .......... 66.8M
  4750K .......... .......... .......... .......... ..........  130M
  4800K .......... .......... .......... .......... ..........  122M
  4850K .......... .......... .......... .......... .......... 90.8M
  4900K .......... .......... .......... .......... .......... 93.9M
  4950K .......... .......... .......... .......... .......... 88.1M
  5000K .......... .......... .......... .......... ..........  103M
  5050K .......... .......... .......... .......... ..........  126M
  5100K .......... .......... .......... .......... .......... 92.4M
  5150K .......... .......... .......... .......... .......... 81.4M
  5200K .......... .......... .......... .......... .......... 82.2M
  5250K .......... .......... .......... .......... .......... 83.6M
  5300K .......... .......... .......... .......... ..........  148M
  5350K .......... .......... .......... .......... ..........  130M
  5400K .......... .......... .......... .......... .......... 3.64M
  5450K .......... .......... .......... .......... .......... 44.3M
  5500K .......... .......... .......... .......... .......... 62.4M
  5550K .......... .......... .......... .......... .......... 86.2M
  5600K .......... .......... .......... .......... ..........  101M
  5650K .......... ...                                         84.0M=0.8s

2018-02-08 14:00:31 (7.06 MB/s) - 'bowtie2-v2.3.4.1.tar.gz' saved [5799633]

Untar bowtie2-v2.3.4.1.tar.gz
