Thu Feb  1 17:00:33 EST 2018
The path to logs is /home/bioadmin/biocore_misc/logs
wget path: /usr/bin/wget
tar path: /usr/bin/tar
Tag: 1.7
Repository: samtools
Organization: samtools
Git url: https://api.github.com/repos/samtools/samtools/tarball/1.7
This product will be installed under: /opt/software/external/samtools
Thu Feb  1 17:00:33 EST 2018
Cammand: /usr/bin/wget -O samtools-1.7.tar.gz https://api.github.com/repos/samtools/samtools/tarball/1.7
--2018-02-01 17:00:33--  https://api.github.com/repos/samtools/samtools/tarball/1.7
Resolving api.github.com (api.github.com)... 192.30.253.117, 192.30.253.116
Connecting to api.github.com (api.github.com)|192.30.253.117|:443... connected.
HTTP request sent, awaiting response... 302 Found
Location: https://codeload.github.com/samtools/samtools/legacy.tar.gz/1.7 [following]
--2018-02-01 17:00:33--  https://codeload.github.com/samtools/samtools/legacy.tar.gz/1.7
Resolving codeload.github.com (codeload.github.com)... 192.30.253.120, 192.30.253.121
Connecting to codeload.github.com (codeload.github.com)|192.30.253.120|:443... connected.
HTTP request sent, awaiting response... 200 OK
Length: unspecified [application/x-gzip]
Saving to: 'samtools-1.7.tar.gz'

     0K .......... .......... .......... .......... ..........  966K
    50K .......... .......... .......... .......... .......... 1.90M
   100K .......... .......... .......... .......... .......... 51.0M
   150K .......... .......... .......... .......... .......... 1.98M
   200K .......... .......... .......... .......... .......... 53.0M
   250K .......... .......... .......... .......... .......... 52.3M
   300K .......... .......... .......... .......... .......... 56.6M
   350K .......... .......... .......... .......... .......... 2.13M
   400K .......... .......... .......... .......... .......... 32.7M
   450K .......... .......... .......... .......... .......... 29.2M
   500K .......... .......... .......... .......... .......... 49.4M
   550K .......... .......... .......... .......... .......... 89.0M
   600K .......... .......... .......... .......... .......... 51.1M
   650K .......... .......... .......... .......... .......... 52.4M
   700K .......... .......... .......... .......... .......... 48.5M
   750K .......... .......... .......... .......... .......... 42.6M
   800K .......... .......... .......... .......... .......... 2.69M
   850K .......... .......... .......... .......... .......... 35.4M
   900K .......... .......... .......... .......... .......... 41.4M
   950K .......... .......... .......... .......... .......... 66.7M
  1000K .......... .......... .......... .......... .......... 36.7M
  1050K .......... .......... .......... .......... .......... 36.4M
  1100K .......... .......... .......... .......... .......... 50.9M
  1150K .......... .......... .......... .......... .......... 44.6M
  1200K .......... .......... .......... .......... .......... 75.2M
  1250K .......... .......... .......... .......... .......... 52.5M
  1300K .......... .......... .......... .......... .......... 46.3M
  1350K .......... .......... .......... .......... .......... 51.8M
  1400K .......... .......... .......... .......... .......... 2.48M
  1450K .......... .......... .......... .......... .......... 53.7M
  1500K .......... .......... .......... .......... .......... 55.9M
  1550K .......... .......... .......... .......... .......... 58.9M
  1600K .......... .......... .......... .......... .......... 91.8M
  1650K .......... .......... .......... .......... .......... 56.4M
  1700K .......... .......... .......... .......... .......... 56.8M
  1750K .......... .......... .......... .......... .......... 54.8M
  1800K .......... .......... .......... .......... .......... 63.6M
  1850K .......... .......... .......... .......... .......... 69.2M
  1900K .......... .......... .......... .......... .......... 78.9M
  1950K .......... .......... .......... .......... .......... 55.5M
  2000K .......... .......... .......... .......... ..........  554K
  2050K .......... .......... .......... .......... .......... 32.6M
  2100K .......... .......... .......... .......... .......... 38.7M
  2150K .......... .......... .......... .......... .......... 40.9M
  2200K .......... .......... .......... .......... .......... 34.8M
  2250K .......... .......... .......... .......... .......... 31.2M
  2300K .......... .......... .......... .......... .......... 65.4M
  2350K .......... .......... .......... .......... .......... 65.7M
  2400K .......... .......... .......... .......... .......... 52.5M
  2450K .......... .......... .......... .......... .......... 55.2M
  2500K .......... .......... .......... .......... .......... 53.6M
  2550K .......... .......... .......... .......... .......... 2.30M
  2600K .......... .......... .......... .......... .......... 53.0M
  2650K .......... .......... .......... .......... .......... 2.61M
  2700K .......... .......... .......... .......... .......... 34.4M
  2750K .......... .......... .......... .......... .......... 38.0M
  2800K .......... .......... .......... .......... .......... 44.4M
  2850K .......... .......... .......... .......... .......... 60.6M
  2900K .......... .......... .......... .......... .......... 41.0M
  2950K .......... .......... .......... .......... .......... 55.2M
  3000K .......... .......... .......... .......... .......... 56.1M
  3050K .......... .......... .......... .......... .......... 45.3M
  3100K .......... .......... .......... .......... .......... 82.1M
  3150K .......... .......... .......... .......... .......... 83.8M
  3200K .......... .......... .......... .......... .......... 55.4M
  3250K .......... .......... .......... .......... .......... 54.9M
  3300K .......... .......... .......... .......... .......... 52.3M
  3350K .......... .......... .......... .......... .......... 67.8M
  3400K .......... .......... .......... .......... .......... 90.8M
  3450K .......... .......... .......... .......... .......... 56.8M
  3500K .......... .......... .......... .......... .......... 56.1M
  3550K .......... .......... .......... .......... .......... 52.8M
  3600K .......... .......... .......... .......... .......... 51.3M
  3650K .......... .......... .......... .......... .......... 88.0M
  3700K .......... .......... .......... .......... .......... 70.9M
  3750K .......... .......... .......... .......... .......... 51.7M
  3800K .......... .......... .......... .......... .......... 53.7M
  3850K .......... .......... .......... .......... .......... 54.6M
  3900K .......... .......... .......... .......... .......... 54.6M
  3950K                                                        36.2M=0.4s

2018-02-01 17:00:34 (10.7 MB/s) - 'samtools-1.7.tar.gz' saved [4045604]

Untar samtools-1.7.tar.gz
