Mon Nov  6 15:00:48 EST 2017
The path to logs is /home/bioadmin/biocore_misc/logs
wget path: /usr/bin/wget
tar path: /usr/bin/tar
Tag: releases/3.9.1
Repository: toil
Organization: BD2KGenomics
Git url: https://api.github.com/repos/BD2KGenomics/toil/tarball/releases/3.9.1
This product will be installed under: logs
Mon Nov  6 15:00:48 EST 2017
Cammand: /usr/bin/wget -O toil-3.9.1.tar.gz https://api.github.com/repos/BD2KGenomics/toil/tarball/releases/3.9.1
--2017-11-06 15:00:48--  https://api.github.com/repos/BD2KGenomics/toil/tarball/releases/3.9.1
Resolving api.github.com (api.github.com)... 192.30.253.117, 192.30.253.116
Connecting to api.github.com (api.github.com)|192.30.253.117|:443... connected.
HTTP request sent, awaiting response... 302 Found
Location: https://codeload.github.com/BD2KGenomics/toil/legacy.tar.gz/releases/3.9.1 [following]
--2017-11-06 15:00:48--  https://codeload.github.com/BD2KGenomics/toil/legacy.tar.gz/releases/3.9.1
Resolving codeload.github.com (codeload.github.com)... 192.30.253.120, 192.30.253.121
Connecting to codeload.github.com (codeload.github.com)|192.30.253.120|:443... connected.
HTTP request sent, awaiting response... 200 OK
Length: unspecified [application/x-gzip]
Saving to: ‘toil-3.9.1.tar.gz’

     0K .......... .......... .......... .......... .......... 1.15M
    50K .......... .......... .......... .......... .......... 2.27M
   100K .......... .......... .......... .......... .......... 2.35M
   150K .......... .......... .......... .......... .......... 25.5M
   200K .......... .......... .......... .......... .......... 24.5M
   250K .......... .......... .......... .......... .......... 2.84M
   300K .......... .......... .......... .......... .......... 29.8M
   350K .......... .......... .......... .......... .......... 37.6M
   400K .......... .......... .......... .......... .......... 30.3M
   450K .......... .......... .......... .......... .......... 2.98M
   500K .......... .......... .......... .......... .......... 31.2M
   550K .......... .......... .......... .......... .......... 21.6M
   600K .......... .......... .......... .......... .......... 52.9M
   650K .......... .......... .......... .......... .......... 77.6M
   700K .......... .......... .......... .......... .......... 82.4M
   750K .......... .......... .......... .......... ..........  115M
   800K .......... .......... .......... .......... ..........  117M
   850K .......... .......... .......... .......... .......... 82.0M
   900K .......... .......... .......... .......... .......... 86.3M
   950K .......... .......... .......... .......... .......... 3.71M
  1000K .......... .......... .......... .......... .......... 56.2M
  1050K .......... .........                                   50.2M=0.1s

2017-11-06 15:00:49 (7.00 MB/s) - ‘toil-3.9.1.tar.gz’ saved [1094887]

Untar toil-3.9.1.tar.gz
