Tue Oct 24 15:52:07 EDT 2017
The path to logs is /home/bioadmin/biocore_misc/logs
wget path: /usr/bin/wget
tar path: /usr/bin/tar
Tag: boost-1.65.1
Repository: boost
Organization: boostorg
Git url: https://api.github.com/repos/boostorg/boost/tarball/boost-1.65.1
This product will be installed under: /opt/software/external/boost
Tue Oct 24 15:52:07 EDT 2017
Cammand: /usr/bin/wget -O boost-boost-1.65.1.tar.gz https://api.github.com/repos/boostorg/boost/tarball/boost-1.65.1
--2017-10-24 15:52:07--  https://api.github.com/repos/boostorg/boost/tarball/boost-1.65.1
Resolving api.github.com (api.github.com)... 192.30.253.117, 192.30.253.116
Connecting to api.github.com (api.github.com)|192.30.253.117|:443... connected.
HTTP request sent, awaiting response... 302 Found
Location: https://codeload.github.com/boostorg/boost/legacy.tar.gz/boost-1.65.1 [following]
--2017-10-24 15:52:07--  https://codeload.github.com/boostorg/boost/legacy.tar.gz/boost-1.65.1
Resolving codeload.github.com (codeload.github.com)... 192.30.253.121, 192.30.253.120
Connecting to codeload.github.com (codeload.github.com)|192.30.253.121|:443... connected.
HTTP request sent, awaiting response... 200 OK
Length: unspecified [application/x-gzip]
Saving to: 'boost-boost-1.65.1.tar.gz'

     0K .......... .......... .......... .......... .......... 1.17M
    50K .......... .......... .......... .......... .......... 2.32M
   100K .......... .......... .......... .......... .......... 63.3M
   150K .......... .......... .......... .......... .......... 2.40M
   200K .......... .......... .......... .......... .......... 61.9M
   250K .......... .......... .......... .......... .......... 89.3M
   300K .......... .......... .......... .......... .......... 2.45M
   350K .......... .......... .......... .......... .......... 54.1M
   400K .......... .......... .......... .......... .......... 60.7M
   450K .......... .......... .......... .......... .......... 87.7M
   500K .......... .......... .......... .......... .......... 60.0M
   550K .......... .......... .......... .......... .......... 75.6M
   600K .......... .......... .......... .......... .......... 3.00M
   650K .......... .......... .......... .......... .......... 54.7M
   700K .......... .......... .......... .......... .......... 36.6M
   750K .......... .......... .......... .......... .......... 55.9M
   800K .......... .......... .......... .......... .......... 47.5M
   850K .......... .......... .......... .......... .......... 56.2M
   900K .......... .......... .......... .......... .......... 98.4M
   950K .......... .......... .......... .......... .......... 86.1M
  1000K .......... .......... .......... .......... .......... 84.1M
  1050K .......... .......... .                                90.6M=0.1s

2017-10-24 15:52:08 (7.91 MB/s) - 'boost-boost-1.65.1.tar.gz' saved [1097225]

Untar boost-boost-1.65.1.tar.gz
